

Processing details:

Output saved in /home/samarth/ctcf_sequence_data/output/NPLB/HFF.
Output file containing labels will be saved as /home/samarth/ctcf_sequence_data/output/NPLB/HFF/architectureDetails.txt
Model details will be saved as /home/samarth/ctcf_sequence_data/output/NPLB/HFF/modelOut.txt
Model details will also be saved in HTML format as /home/samarth/ctcf_sequence_data/output/NPLB/HFF/PAlogo.html
Cross validation likelihood of all the trained models will be saved as /home/samarth/ctcf_sequence_data/output/NPLB/HFF/CVLikelihoods.txt
An HTML file for the best model per lambda for each fold of every architecture will be saved as /home/samarth/ctcf_sequence_data/output/NPLB/HFF/Lambda_<lambda>/Architecture_<architecture>/Fold_<fold>/PAlogo.html
Best model will be saved as /home/samarth/ctcf_sequence_data/output/NPLB/HFF/bestModel.p
Best model will also be saved per lambda value as /home/samarth/ctcf_sequence_data/output/NPLB/HFF/Lambda_<lambda>/bestModel.p
Execution settings will be saved as /home/samarth/ctcf_sequence_data/output/NPLB/HFF/settings.txt
Image matrices for the best model and the original unclustered one will be saved as /home/samarth/ctcf_sequence_data/output/NPLB/HFF/PAimage.png and /home/samarth/ctcf_sequence_data/output/NPLB/HFF/rawImage.png respectively.
Image matrices will also be saved per lambda value in /home/samarth/ctcf_sequence_data/output/NPLB/HFF/Lambda_<lambda>/
Maximum number of models to be learnt: 20
Maximum number of cores that will be used: 75


Processing. Please wait...



Trying Lambda 0 


**** Learning models with 1 architecture ****

> Completed training fold 1 of model with 1 architecture
> Completed training fold 2 of model with 1 architecture
> Completed training fold 3 of model with 1 architecture
> Completed training fold 4 of model with 1 architecture
> Completed training fold 5 of model with 1 architecture

>>Cross validation likelihood computed for model with 1 architecture

Best model till now has 1 architecture

PROGRESS: 5% complete

**** Learning models with 9, 10 and 11 architectures ****

> Completed training fold 4 of model with 9 architectures
> Completed training fold 5 of model with 9 architectures
> Completed training fold 3 of model with 9 architectures
> Completed training fold 1 of model with 9 architectures
> Completed training fold 2 of model with 9 architectures
> Completed training fold 1 of model with 10 architectures
> Completed training fold 5 of model with 10 architectures
> Completed training fold 4 of model with 10 architectures
> Completed training fold 2 of model with 10 architectures
> Completed training fold 3 of model with 10 architectures

>>Cross validation likelihood computed for model with 9 architectures

Best model till now has 9 architectures

PROGRESS: 10% complete

> Completed training fold 1 of model with 11 architectures
> Completed training fold 3 of model with 11 architectures
> Completed training fold 5 of model with 11 architectures
> Completed training fold 4 of model with 11 architectures
> Completed training fold 2 of model with 11 architectures

>>Cross validation likelihood computed for model with 10 architectures

Best model till now has 10 architectures

PROGRESS: 15% complete


>>Cross validation likelihood computed for model with 11 architectures

Best model till now has 11 architectures

PROGRESS: 20% complete

**** Learning models with 14, 15 and 16 architectures ****

> Completed training fold 4 of model with 14 architectures
> Completed training fold 1 of model with 15 architectures
> Completed training fold 2 of model with 14 architectures
> Completed training fold 3 of model with 14 architectures
> Completed training fold 5 of model with 14 architectures
> Completed training fold 1 of model with 14 architectures

>>Cross validation likelihood computed for model with 14 architectures

Best model till now has 14 architectures

PROGRESS: 25% complete

> Completed training fold 3 of model with 15 architectures
> Completed training fold 5 of model with 15 architectures
> Completed training fold 2 of model with 15 architectures
> Completed training fold 4 of model with 15 architectures
> Completed training fold 3 of model with 16 architectures
> Completed training fold 2 of model with 16 architectures
> Completed training fold 1 of model with 16 architectures
> Completed training fold 5 of model with 16 architectures
> Completed training fold 4 of model with 16 architectures

>>Cross validation likelihood computed for model with 15 architectures

Best model till now has 15 architectures

PROGRESS: 30% complete


>>Cross validation likelihood computed for model with 16 architectures

Best model till now has 16 architectures

PROGRESS: 35% complete

**** Learning models with 17, 18 and 19 architectures ****

> Completed training fold 2 of model with 17 architectures
> Completed training fold 4 of model with 18 architectures
> Completed training fold 3 of model with 18 architectures
> Completed training fold 1 of model with 17 architectures
> Completed training fold 4 of model with 17 architectures
> Completed training fold 2 of model with 18 architectures
> Completed training fold 1 of model with 18 architectures
> Completed training fold 1 of model with 19 architectures
> Completed training fold 3 of model with 17 architectures
> Completed training fold 5 of model with 17 architectures
> Completed training fold 3 of model with 19 architectures
> Completed training fold 2 of model with 19 architectures
> Completed training fold 5 of model with 18 architectures
> Completed training fold 4 of model with 19 architectures

>>Cross validation likelihood computed for model with 17 architectures

Best model till now has 17 architectures

PROGRESS: 40% complete

> Completed training fold 5 of model with 19 architectures

>>Cross validation likelihood computed for model with 18 architectures

Best model till now has 18 architectures

PROGRESS: 45% complete


>>Cross validation likelihood computed for model with 19 architectures

Best model till now has 19 architectures

PROGRESS: 50% complete

> Completed training fold 1 of model with 20 architectures
> Completed training fold 4 of model with 20 architectures
> Completed training fold 3 of model with 20 architectures
> Completed training fold 2 of model with 20 architectures
> Completed training fold 5 of model with 20 architectures

PROGRESS: 100% complete



Structure of best model

Number of architectures: 19


Learning best model. Please wait...

[                                        ] 0%[########                                ] 20%[################                        ] 40%[########################                ] 60%[################################        ] 80%[########################################] 100%

Trying Lambda 1 


**** Learning models with 1 architecture ****

> Completed training fold 1 of model with 1 architecture
> Completed training fold 2 of model with 1 architecture
> Completed training fold 3 of model with 1 architecture
> Completed training fold 4 of model with 1 architecture
> Completed training fold 5 of model with 1 architecture

>>Cross validation likelihood computed for model with 1 architecture

Best model till now has 1 architecture

PROGRESS: 5% complete

**** Learning models with 9, 10 and 11 architectures ****

> Completed training fold 3 of model with 9 architectures
> Completed training fold 2 of model with 9 architectures
> Completed training fold 4 of model with 9 architectures
> Completed training fold 5 of model with 9 architectures
> Completed training fold 1 of model with 9 architectures

>>Cross validation likelihood computed for model with 9 architectures

Best model till now has 9 architectures

PROGRESS: 10% complete

> Completed training fold 2 of model with 10 architectures
> Completed training fold 1 of model with 10 architectures
> Completed training fold 3 of model with 10 architectures
> Completed training fold 4 of model with 10 architectures
> Completed training fold 5 of model with 10 architectures
> Completed training fold 3 of model with 11 architectures
> Completed training fold 5 of model with 11 architectures
> Completed training fold 4 of model with 11 architectures
> Completed training fold 2 of model with 11 architectures

>>Cross validation likelihood computed for model with 10 architectures

Best model till now has 10 architectures

PROGRESS: 15% complete

> Completed training fold 1 of model with 11 architectures

>>Cross validation likelihood computed for model with 11 architectures

Best model till now has 11 architectures

PROGRESS: 20% complete

**** Learning models with 14, 15 and 16 architectures ****

> Completed training fold 5 of model with 14 architectures
> Completed training fold 2 of model with 14 architectures
> Completed training fold 1 of model with 14 architectures
> Completed training fold 4 of model with 14 architectures
> Completed training fold 3 of model with 14 architectures
> Completed training fold 1 of model with 15 architectures
> Completed training fold 4 of model with 15 architectures
> Completed training fold 3 of model with 15 architectures
> Completed training fold 5 of model with 15 architectures

>>Cross validation likelihood computed for model with 14 architectures

Best model till now has 14 architectures

PROGRESS: 25% complete

> Completed training fold 2 of model with 15 architectures
> Completed training fold 5 of model with 16 architectures
> Completed training fold 3 of model with 16 architectures
> Completed training fold 2 of model with 16 architectures
> Completed training fold 1 of model with 16 architectures
> Completed training fold 4 of model with 16 architectures

>>Cross validation likelihood computed for model with 16 architectures

Best model till now has 16 architectures

PROGRESS: 30% complete


>>Cross validation likelihood computed for model with 15 architectures

Best model till now has 16 architectures

PROGRESS: 35% complete

**** Learning models with 17, 18 and 19 architectures ****

> Completed training fold 1 of model with 19 architectures
> Completed training fold 1 of model with 17 architectures
> Completed training fold 3 of model with 17 architectures
> Completed training fold 2 of model with 18 architectures
> Completed training fold 2 of model with 17 architectures
> Completed training fold 5 of model with 17 architectures
> Completed training fold 1 of model with 18 architectures
> Completed training fold 3 of model with 19 architectures
> Completed training fold 4 of model with 17 architectures
> Completed training fold 5 of model with 18 architectures
> Completed training fold 4 of model with 19 architectures
> Completed training fold 2 of model with 19 architectures
> Completed training fold 4 of model with 18 architectures
> Completed training fold 5 of model with 19 architectures
> Completed training fold 3 of model with 18 architectures

>>Cross validation likelihood computed for model with 17 architectures

Best model till now has 17 architectures

PROGRESS: 40% complete


>>Cross validation likelihood computed for model with 19 architectures

Best model till now has 19 architectures

PROGRESS: 45% complete


>>Cross validation likelihood computed for model with 18 architectures

Best model till now has 19 architectures

PROGRESS: 50% complete

> Completed training fold 4 of model with 20 architectures
> Completed training fold 5 of model with 20 architectures
> Completed training fold 1 of model with 20 architectures
> Completed training fold 3 of model with 20 architectures
> Completed training fold 2 of model with 20 architectures

PROGRESS: 100% complete



Structure of best model

Number of architectures: 19


Learning best model. Please wait...

[                                        ] 0%[########                                ] 20%[################                        ] 40%[########################                ] 60%[################################        ] 80%[########################################] 100%

Trying Lambda 3 


**** Learning models with 1 architecture ****

> Completed training fold 1 of model with 1 architecture
> Completed training fold 2 of model with 1 architecture
> Completed training fold 3 of model with 1 architecture
> Completed training fold 4 of model with 1 architecture
> Completed training fold 5 of model with 1 architecture

>>Cross validation likelihood computed for model with 1 architecture

Best model till now has 1 architecture

PROGRESS: 5% complete

**** Learning models with 9, 10 and 11 architectures ****

> Completed training fold 1 of model with 9 architectures
> Completed training fold 2 of model with 9 architectures
> Completed training fold 4 of model with 9 architectures
> Completed training fold 3 of model with 9 architectures
> Completed training fold 5 of model with 9 architectures

>>Cross validation likelihood computed for model with 9 architectures

Best model till now has 9 architectures

PROGRESS: 10% complete

> Completed training fold 3 of model with 10 architectures
> Completed training fold 1 of model with 10 architectures
> Completed training fold 5 of model with 10 architectures
> Completed training fold 2 of model with 10 architectures
> Completed training fold 4 of model with 10 architectures
> Completed training fold 4 of model with 11 architectures
> Completed training fold 2 of model with 11 architectures
> Completed training fold 1 of model with 11 architectures
> Completed training fold 5 of model with 11 architectures

>>Cross validation likelihood computed for model with 10 architectures

Best model till now has 10 architectures

PROGRESS: 15% complete

> Completed training fold 3 of model with 11 architectures

>>Cross validation likelihood computed for model with 11 architectures

Best model till now has 11 architectures

PROGRESS: 20% complete

**** Learning models with 14, 15 and 16 architectures ****

> Completed training fold 1 of model with 14 architectures
> Completed training fold 2 of model with 14 architectures
> Completed training fold 5 of model with 14 architectures
> Completed training fold 3 of model with 14 architectures
> Completed training fold 4 of model with 14 architectures

>>Cross validation likelihood computed for model with 14 architectures

Best model till now has 14 architectures

PROGRESS: 25% complete

> Completed training fold 1 of model with 15 architectures
> Completed training fold 3 of model with 15 architectures
> Completed training fold 2 of model with 15 architectures
> Completed training fold 5 of model with 15 architectures
> Completed training fold 4 of model with 15 architectures

>>Cross validation likelihood computed for model with 15 architectures

Best model till now has 15 architectures

PROGRESS: 30% complete

> Completed training fold 3 of model with 16 architectures
> Completed training fold 4 of model with 16 architectures
> Completed training fold 1 of model with 16 architectures
> Completed training fold 5 of model with 16 architectures
> Completed training fold 2 of model with 16 architectures

>>Cross validation likelihood computed for model with 16 architectures

Best model till now has 16 architectures

PROGRESS: 35% complete

**** Learning models with 17, 18 and 19 architectures ****

> Completed training fold 4 of model with 17 architectures
> Completed training fold 3 of model with 17 architectures
> Completed training fold 1 of model with 17 architectures
> Completed training fold 2 of model with 18 architectures
> Completed training fold 5 of model with 17 architectures
> Completed training fold 2 of model with 17 architectures
> Completed training fold 3 of model with 19 architectures
> Completed training fold 4 of model with 18 architectures
> Completed training fold 3 of model with 18 architectures
> Completed training fold 1 of model with 18 architectures
> Completed training fold 5 of model with 19 architectures
> Completed training fold 2 of model with 19 architectures
> Completed training fold 4 of model with 19 architectures

>>Cross validation likelihood computed for model with 17 architectures

Best model till now has 17 architectures

PROGRESS: 40% complete

> Completed training fold 1 of model with 19 architectures
> Completed training fold 5 of model with 18 architectures

>>Cross validation likelihood computed for model with 18 architectures

Best model till now has 18 architectures

PROGRESS: 45% complete


>>Cross validation likelihood computed for model with 19 architectures

Best model till now has 19 architectures

PROGRESS: 50% complete

